\BOOKMARK [1][-]{section.1}{Introduction}{}% 1
\BOOKMARK [1][-]{section.2}{Dynamic Authentication}{}% 2
\BOOKMARK [2][-]{subsection.2.1}{Introduction to Dynauth}{section.2}% 3
\BOOKMARK [2][-]{subsection.2.2}{Example Usage 1: Successful Authentication}{section.2}% 4
\BOOKMARK [2][-]{subsection.2.3}{Example Usage 2: Failed Authentication}{section.2}% 5
\BOOKMARK [2][-]{subsection.2.4}{Memorization}{section.2}% 6
\BOOKMARK [2][-]{subsection.2.5}{Design}{section.2}% 7
\BOOKMARK [2][-]{subsection.2.6}{Benefits of Dynauth}{section.2}% 8
\BOOKMARK [2][-]{subsection.2.7}{Additional Possibilities}{section.2}% 9
\BOOKMARK [2][-]{subsection.2.8}{On The Name}{section.2}% 10
\BOOKMARK [1][-]{section.3}{Implementation}{}% 11
\BOOKMARK [2][-]{subsection.3.1}{Method of Implementation}{section.3}% 12
\BOOKMARK [2][-]{subsection.3.2}{Backend}{section.3}% 13
\BOOKMARK [2][-]{subsection.3.3}{Frontend}{section.3}% 14
\BOOKMARK [2][-]{subsection.3.4}{Challenges During Implementation}{section.3}% 15
\BOOKMARK [1][-]{section.4}{Validation}{}% 16
\BOOKMARK [2][-]{subsection.4.1}{Analysis of Implementation}{section.4}% 17
\BOOKMARK [2][-]{subsection.4.2}{Usability Testing}{section.4}% 18
\BOOKMARK [2][-]{subsection.4.3}{Method of Usability Testing}{section.4}% 19
\BOOKMARK [2][-]{subsection.4.4}{Results of Usability Testing}{section.4}% 20
\BOOKMARK [1][-]{section.5}{Conclusion}{}% 21
\BOOKMARK [1][-]{section*.2}{References}{}% 22
